# JRE version: OpenJDK Runtime Environment (8.0_275-b01) (build 1.8.0_275-8u275-b01-0ubuntu1~20.10-b01)
# Java VM: OpenJDK 64-Bit Server VM (25.275-b01 mixed mode linux-amd64 compressed oops)
Heap:
 PSYoungGen      total 1434112K, used 279358K [0x0000000719f80000, 0x0000000784380000, 0x00000007c0000000)
  eden space 1380352K, 16% used [0x0000000719f80000,0x0000000727bd1080,0x000000076e380000)
  from space 53760K, 99% used [0x0000000773480000,0x00000007768fea48,0x0000000776900000)
  to   space 82944K, 0% used [0x000000076e380000,0x000000076e380000,0x0000000773480000)
 ParOldGen       total 323584K, used 121255K [0x00000005cde00000, 0x00000005e1a00000, 0x0000000719f80000)
  object space 323584K, 37% used [0x00000005cde00000,0x00000005d5469e28,0x00000005e1a00000)
 Metaspace       used 38208K, capacity 39336K, committed 39424K, reserved 1085440K
  class space    used 3962K, capacity 4304K, committed 4352K, reserved 1048576K
GC Heap History (10 events):
Event: 2.582 GC heap before
{Heap before GC invocations=6 (full 1):
 PSYoungGen      total 535040K, used 20976K [0x0000000719f80000, 0x000000075f380000, 0x00000007c0000000)
  eden space 514048K, 0% used [0x0000000719f80000,0x0000000719f80000,0x0000000739580000)
  from space 20992K, 99% used [0x0000000739580000,0x000000073a9fc010,0x000000073aa00000)
  to   space 53248K, 0% used [0x000000075bf80000,0x000000075bf80000,0x000000075f380000)
 ParOldGen       total 341504K, used 56260K [0x00000005cde00000, 0x00000005e2b80000, 0x0000000719f80000)
  object space 341504K, 16% used [0x00000005cde00000,0x00000005d14f1210,0x00000005e2b80000)
 Metaspace       used 20377K, capacity 21156K, committed 21296K, reserved 1069056K
  class space    used 2357K, capacity 2648K, committed 2688K, reserved 1048576K
Event: 2.686 GC heap after
Heap after GC invocations=6 (full 1):
 PSYoungGen      total 535040K, used 0K [0x0000000719f80000, 0x000000075f380000, 0x00000007c0000000)
  eden space 514048K, 0% used [0x0000000719f80000,0x0000000719f80000,0x0000000739580000)
  from space 20992K, 0% used [0x0000000739580000,0x0000000739580000,0x000000073aa00000)
  to   space 53248K, 0% used [0x000000075bf80000,0x000000075bf80000,0x000000075f380000)
 ParOldGen       total 258560K, used 65687K [0x00000005cde00000, 0x00000005dda80000, 0x0000000719f80000)
  object space 258560K, 25% used [0x00000005cde00000,0x00000005d1e25f28,0x00000005dda80000)
 Metaspace       used 20352K, capacity 21104K, committed 21296K, reserved 1069056K
  class space    used 2342K, capacity 2608K, committed 2688K, reserved 1048576K
}
Event: 5.298 GC heap before
{Heap before GC invocations=7 (full 1):
 PSYoungGen      total 535040K, used 514048K [0x0000000719f80000, 0x000000075f380000, 0x00000007c0000000)
  eden space 514048K, 100% used [0x0000000719f80000,0x0000000739580000,0x0000000739580000)
  from space 20992K, 0% used [0x0000000739580000,0x0000000739580000,0x000000073aa00000)
  to   space 53248K, 0% used [0x000000075bf80000,0x000000075bf80000,0x000000075f380000)
 ParOldGen       total 258560K, used 65687K [0x00000005cde00000, 0x00000005dda80000, 0x0000000719f80000)
  object space 258560K, 25% used [0x00000005cde00000,0x00000005d1e25f28,0x00000005dda80000)
 Metaspace       used 29522K, capacity 30512K, committed 30592K, reserved 1077248K
  class space    used 3140K, capacity 3448K, committed 3456K, reserved 1048576K
Event: 5.306 GC heap after
Heap after GC invocations=7 (full 1):
 PSYoungGen      total 878080K, used 12595K [0x0000000719f80000, 0x000000075cc00000, 0x00000007c0000000)
  eden space 865280K, 0% used [0x0000000719f80000,0x0000000719f80000,0x000000074ec80000)
  from space 12800K, 98% used [0x000000075bf80000,0x000000075cbccc40,0x000000075cc00000)
  to   space 54272K, 0% used [0x0000000756200000,0x0000000756200000,0x0000000759700000)
 ParOldGen       total 258560K, used 65695K [0x00000005cde00000, 0x00000005dda80000, 0x0000000719f80000)
  object space 258560K, 25% used [0x00000005cde00000,0x00000005d1e27f28,0x00000005dda80000)
 Metaspace       used 29522K, capacity 30512K, committed 30592K, reserved 1077248K
  class space    used 3140K, capacity 3448K, committed 3456K, reserved 1048576K
}
Event: 6.087 GC heap before
{Heap before GC invocations=8 (full 1):
 PSYoungGen      total 878080K, used 337705K [0x0000000719f80000, 0x000000075cc00000, 0x00000007c0000000)
  eden space 865280K, 37% used [0x0000000719f80000,0x000000072dcfdbb0,0x000000074ec80000)
  from space 12800K, 98% used [0x000000075bf80000,0x000000075cbccc40,0x000000075cc00000)
  to   space 54272K, 0% used [0x0000000756200000,0x0000000756200000,0x0000000759700000)
 ParOldGen       total 258560K, used 65695K [0x00000005cde00000, 0x00000005dda80000, 0x0000000719f80000)
  object space 258560K, 25% used [0x00000005cde00000,0x00000005d1e27f28,0x00000005dda80000)
 Metaspace       used 34311K, capacity 35400K, committed 35496K, reserved 1081344K
  class space    used 3743K, capacity 4080K, committed 4096K, reserved 1048576K
Event: 6.097 GC heap after
Heap after GC invocations=8 (full 1):
 PSYoungGen      total 1039872K, used 13897K [0x0000000719f80000, 0x0000000776900000, 0x00000007c0000000)
  eden space 985600K, 0% used [0x0000000719f80000,0x0000000719f80000,0x0000000756200000)
  from space 54272K, 25% used [0x0000000756200000,0x0000000756f927f0,0x0000000759700000)
  to   space 53760K, 0% used [0x0000000773480000,0x0000000773480000,0x0000000776900000)
 ParOldGen       total 258560K, used 65703K [0x00000005cde00000, 0x00000005dda80000, 0x0000000719f80000)
  object space 258560K, 25% used [0x00000005cde00000,0x00000005d1e29f28,0x00000005dda80000)
 Metaspace       used 34311K, capacity 35400K, committed 35496K, reserved 1081344K
  class space    used 3743K, capacity 4080K, committed 4096K, reserved 1048576K
}
Event: 6.097 GC heap before
{Heap before GC invocations=9 (full 2):
 PSYoungGen      total 1039872K, used 13897K [0x0000000719f80000, 0x0000000776900000, 0x00000007c0000000)
  eden space 985600K, 0% used [0x0000000719f80000,0x0000000719f80000,0x0000000756200000)
  from space 54272K, 25% used [0x0000000756200000,0x0000000756f927f0,0x0000000759700000)
  to   space 53760K, 0% used [0x0000000773480000,0x0000000773480000,0x0000000776900000)
 ParOldGen       total 258560K, used 65703K [0x00000005cde00000, 0x00000005dda80000, 0x0000000719f80000)
  object space 258560K, 25% used [0x00000005cde00000,0x00000005d1e29f28,0x00000005dda80000)
 Metaspace       used 34311K, capacity 35400K, committed 35496K, reserved 1081344K
  class space    used 3743K, capacity 4080K, committed 4096K, reserved 1048576K
Event: 6.208 GC heap after
Heap after GC invocations=9 (full 2):
 PSYoungGen      total 1039872K, used 0K [0x0000000719f80000, 0x0000000776900000, 0x00000007c0000000)
  eden space 985600K, 0% used [0x0000000719f80000,0x0000000719f80000,0x0000000756200000)
  from space 54272K, 0% used [0x0000000756200000,0x0000000756200000,0x0000000759700000)
  to   space 53760K, 0% used [0x0000000773480000,0x0000000773480000,0x0000000776900000)
 ParOldGen       total 323584K, used 74845K [0x00000005cde00000, 0x00000005e1a00000, 0x0000000719f80000)
  object space 323584K, 23% used [0x00000005cde00000,0x00000005d2717718,0x00000005e1a00000)
 Metaspace       used 34311K, capacity 35400K, committed 35496K, reserved 1081344K
  class space    used 3743K, capacity 4080K, committed 4096K, reserved 1048576K
}
Event: 9.944 GC heap before
{Heap before GC invocations=10 (full 2):
 PSYoungGen      total 1039872K, used 985600K [0x0000000719f80000, 0x0000000776900000, 0x00000007c0000000)
  eden space 985600K, 100% used [0x0000000719f80000,0x0000000756200000,0x0000000756200000)
  from space 54272K, 0% used [0x0000000756200000,0x0000000756200000,0x0000000759700000)
  to   space 53760K, 0% used [0x0000000773480000,0x0000000773480000,0x0000000776900000)
 ParOldGen       total 323584K, used 74845K [0x00000005cde00000, 0x00000005e1a00000, 0x0000000719f80000)
  object space 323584K, 23% used [0x00000005cde00000,0x00000005d2717718,0x00000005e1a00000)
 Metaspace       used 38155K, capacity 39272K, committed 39424K, reserved 1085440K
  class space    used 3960K, capacity 4304K, committed 4352K, reserved 1048576K
Event: 9.986 GC heap after
Heap after GC invocations=10 (full 2):
 PSYoungGen      total 1434112K, used 53754K [0x0000000719f80000, 0x0000000784380000, 0x00000007c0000000)
  eden space 1380352K, 0% used [0x0000000719f80000,0x0000000719f80000,0x000000076e380000)
  from space 53760K, 99% used [0x0000000773480000,0x00000007768fea48,0x0000000776900000)
  to   space 82944K, 0% used [0x000000076e380000,0x000000076e380000,0x0000000773480000)
 ParOldGen       total 323584K, used 121255K [0x00000005cde00000, 0x00000005e1a00000, 0x0000000719f80000)
  object space 323584K, 37% used [0x00000005cde00000,0x00000005d5469e28,0x00000005e1a00000)
 Metaspace       used 38155K, capacity 39272K, committed 39424K, reserved 1085440K
  class space    used 3960K, capacity 4304K, committed 4352K, reserved 1048576K
}

