# JRE version: OpenJDK Runtime Environment (8.0_275-b01) (build 1.8.0_275-8u275-b01-0ubuntu1~20.10-b01)
# Java VM: OpenJDK 64-Bit Server VM (25.275-b01 mixed mode linux-amd64 compressed oops)
Heap:
 PSYoungGen      total 1408512K, used 106524K [0x0000000719f80000, 0x0000000783500000, 0x00000007c0000000)
  eden space 1355264K, 3% used [0x0000000719f80000,0x000000071d387d78,0x000000076cb00000)
  from space 53248K, 99% used [0x0000000771b80000,0x0000000774f7f3a0,0x0000000774f80000)
  to   space 82432K, 0% used [0x000000076cb00000,0x000000076cb00000,0x0000000771b80000)
 ParOldGen       total 328192K, used 122232K [0x00000005cde00000, 0x00000005e1e80000, 0x0000000719f80000)
  object space 328192K, 37% used [0x00000005cde00000,0x00000005d555e210,0x00000005e1e80000)
 Metaspace       used 38189K, capacity 39272K, committed 39424K, reserved 1085440K
  class space    used 3962K, capacity 4304K, committed 4352K, reserved 1048576K
GC Heap History (10 events):
Event: 2.485 GC heap before
{Heap before GC invocations=6 (full 1):
 PSYoungGen      total 535040K, used 20992K [0x0000000719f80000, 0x000000075f280000, 0x00000007c0000000)
  eden space 514048K, 0% used [0x0000000719f80000,0x0000000719f80000,0x0000000739580000)
  from space 20992K, 100% used [0x0000000739580000,0x000000073aa00000,0x000000073aa00000)
  to   space 52736K, 0% used [0x000000075bf00000,0x000000075bf00000,0x000000075f280000)
 ParOldGen       total 341504K, used 55874K [0x00000005cde00000, 0x00000005e2b80000, 0x0000000719f80000)
  object space 341504K, 16% used [0x00000005cde00000,0x00000005d1490810,0x00000005e2b80000)
 Metaspace       used 20366K, capacity 21156K, committed 21296K, reserved 1069056K
  class space    used 2358K, capacity 2648K, committed 2688K, reserved 1048576K
Event: 2.592 GC heap after
Heap after GC invocations=6 (full 1):
 PSYoungGen      total 535040K, used 0K [0x0000000719f80000, 0x000000075f280000, 0x00000007c0000000)
  eden space 514048K, 0% used [0x0000000719f80000,0x0000000719f80000,0x0000000739580000)
  from space 20992K, 0% used [0x0000000739580000,0x0000000739580000,0x000000073aa00000)
  to   space 52736K, 0% used [0x000000075bf00000,0x000000075bf00000,0x000000075f280000)
 ParOldGen       total 259072K, used 64832K [0x00000005cde00000, 0x00000005ddb00000, 0x0000000719f80000)
  object space 259072K, 25% used [0x00000005cde00000,0x00000005d1d50018,0x00000005ddb00000)
 Metaspace       used 20342K, capacity 21104K, committed 21296K, reserved 1069056K
  class space    used 2343K, capacity 2608K, committed 2688K, reserved 1048576K
}
Event: 5.140 GC heap before
{Heap before GC invocations=7 (full 1):
 PSYoungGen      total 535040K, used 514048K [0x0000000719f80000, 0x000000075f280000, 0x00000007c0000000)
  eden space 514048K, 100% used [0x0000000719f80000,0x0000000739580000,0x0000000739580000)
  from space 20992K, 0% used [0x0000000739580000,0x0000000739580000,0x000000073aa00000)
  to   space 52736K, 0% used [0x000000075bf00000,0x000000075bf00000,0x000000075f280000)
 ParOldGen       total 259072K, used 64832K [0x00000005cde00000, 0x00000005ddb00000, 0x0000000719f80000)
  object space 259072K, 25% used [0x00000005cde00000,0x00000005d1d50018,0x00000005ddb00000)
 Metaspace       used 29531K, capacity 30512K, committed 30592K, reserved 1077248K
  class space    used 3138K, capacity 3448K, committed 3456K, reserved 1048576K
Event: 5.149 GC heap after
Heap after GC invocations=7 (full 1):
 PSYoungGen      total 872448K, used 14599K [0x0000000719f80000, 0x000000075cd80000, 0x00000007c0000000)
  eden space 857600K, 0% used [0x0000000719f80000,0x0000000719f80000,0x000000074e500000)
  from space 14848K, 98% used [0x000000075bf00000,0x000000075cd41d70,0x000000075cd80000)
  to   space 53248K, 0% used [0x0000000756580000,0x0000000756580000,0x0000000759980000)
 ParOldGen       total 259072K, used 64840K [0x00000005cde00000, 0x00000005ddb00000, 0x0000000719f80000)
  object space 259072K, 25% used [0x00000005cde00000,0x00000005d1d52018,0x00000005ddb00000)
 Metaspace       used 29531K, capacity 30512K, committed 30592K, reserved 1077248K
  class space    used 3138K, capacity 3448K, committed 3456K, reserved 1048576K
}
Event: 5.976 GC heap before
{Heap before GC invocations=8 (full 1):
 PSYoungGen      total 872448K, used 338063K [0x0000000719f80000, 0x000000075cd80000, 0x00000007c0000000)
  eden space 857600K, 37% used [0x0000000719f80000,0x000000072db620f0,0x000000074e500000)
  from space 14848K, 98% used [0x000000075bf00000,0x000000075cd41d70,0x000000075cd80000)
  to   space 53248K, 0% used [0x0000000756580000,0x0000000756580000,0x0000000759980000)
 ParOldGen       total 259072K, used 64840K [0x00000005cde00000, 0x00000005ddb00000, 0x0000000719f80000)
  object space 259072K, 25% used [0x00000005cde00000,0x00000005d1d52018,0x00000005ddb00000)
 Metaspace       used 34328K, capacity 35400K, committed 35496K, reserved 1081344K
  class space    used 3744K, capacity 4080K, committed 4096K, reserved 1048576K
Event: 5.988 GC heap after
Heap after GC invocations=8 (full 1):
 PSYoungGen      total 1042432K, used 13816K [0x0000000719f80000, 0x0000000774f80000, 0x00000007c0000000)
  eden space 989184K, 0% used [0x0000000719f80000,0x0000000719f80000,0x0000000756580000)
  from space 53248K, 25% used [0x0000000756580000,0x00000007572fe188,0x0000000759980000)
  to   space 53248K, 0% used [0x0000000771b80000,0x0000000771b80000,0x0000000774f80000)
 ParOldGen       total 259072K, used 64848K [0x00000005cde00000, 0x00000005ddb00000, 0x0000000719f80000)
  object space 259072K, 25% used [0x00000005cde00000,0x00000005d1d54018,0x00000005ddb00000)
 Metaspace       used 34328K, capacity 35400K, committed 35496K, reserved 1081344K
  class space    used 3744K, capacity 4080K, committed 4096K, reserved 1048576K
}
Event: 5.988 GC heap before
{Heap before GC invocations=9 (full 2):
 PSYoungGen      total 1042432K, used 13816K [0x0000000719f80000, 0x0000000774f80000, 0x00000007c0000000)
  eden space 989184K, 0% used [0x0000000719f80000,0x0000000719f80000,0x0000000756580000)
  from space 53248K, 25% used [0x0000000756580000,0x00000007572fe188,0x0000000759980000)
  to   space 53248K, 0% used [0x0000000771b80000,0x0000000771b80000,0x0000000774f80000)
 ParOldGen       total 259072K, used 64848K [0x00000005cde00000, 0x00000005ddb00000, 0x0000000719f80000)
  object space 259072K, 25% used [0x00000005cde00000,0x00000005d1d54018,0x00000005ddb00000)
 Metaspace       used 34328K, capacity 35400K, committed 35496K, reserved 1081344K
  class space    used 3744K, capacity 4080K, committed 4096K, reserved 1048576K
Event: 6.110 GC heap after
Heap after GC invocations=9 (full 2):
 PSYoungGen      total 1042432K, used 0K [0x0000000719f80000, 0x0000000774f80000, 0x00000007c0000000)
  eden space 989184K, 0% used [0x0000000719f80000,0x0000000719f80000,0x0000000756580000)
  from space 53248K, 0% used [0x0000000756580000,0x0000000756580000,0x0000000759980000)
  to   space 53248K, 0% used [0x0000000771b80000,0x0000000771b80000,0x0000000774f80000)
 ParOldGen       total 328192K, used 74804K [0x00000005cde00000, 0x00000005e1e80000, 0x0000000719f80000)
  object space 328192K, 22% used [0x00000005cde00000,0x00000005d270d118,0x00000005e1e80000)
 Metaspace       used 34328K, capacity 35400K, committed 35496K, reserved 1081344K
  class space    used 3744K, capacity 4080K, committed 4096K, reserved 1048576K
}
Event: 9.989 GC heap before
{Heap before GC invocations=10 (full 2):
 PSYoungGen      total 1042432K, used 989184K [0x0000000719f80000, 0x0000000774f80000, 0x00000007c0000000)
  eden space 989184K, 100% used [0x0000000719f80000,0x0000000756580000,0x0000000756580000)
  from space 53248K, 0% used [0x0000000756580000,0x0000000756580000,0x0000000759980000)
  to   space 53248K, 0% used [0x0000000771b80000,0x0000000771b80000,0x0000000774f80000)
 ParOldGen       total 328192K, used 74804K [0x00000005cde00000, 0x00000005e1e80000, 0x0000000719f80000)
  object space 328192K, 22% used [0x00000005cde00000,0x00000005d270d118,0x00000005e1e80000)
 Metaspace       used 38172K, capacity 39208K, committed 39424K, reserved 1085440K
  class space    used 3961K, capacity 4304K, committed 4352K, reserved 1048576K
Event: 10.031 GC heap after
Heap after GC invocations=10 (full 2):
 PSYoungGen      total 1408512K, used 53244K [0x0000000719f80000, 0x0000000783500000, 0x00000007c0000000)
  eden space 1355264K, 0% used [0x0000000719f80000,0x0000000719f80000,0x000000076cb00000)
  from space 53248K, 99% used [0x0000000771b80000,0x0000000774f7f3a0,0x0000000774f80000)
  to   space 82432K, 0% used [0x000000076cb00000,0x000000076cb00000,0x0000000771b80000)
 ParOldGen       total 328192K, used 122232K [0x00000005cde00000, 0x00000005e1e80000, 0x0000000719f80000)
  object space 328192K, 37% used [0x00000005cde00000,0x00000005d555e210,0x00000005e1e80000)
 Metaspace       used 38172K, capacity 39208K, committed 39424K, reserved 1085440K
  class space    used 3961K, capacity 4304K, committed 4352K, reserved 1048576K
}

